<?xml version="1.0" encoding="UTF-8"?>
<testng-results ignored="0" total="1" passed="1" failed="0" skipped="0">
  <reporter-output>
  </reporter-output>
  <suite started-at="2023-08-26T00:52:45 IST" name="Suite" finished-at="2023-08-26T00:53:18 IST" duration-ms="32862">
    <groups>
    </groups>
    <test started-at="2023-08-26T00:52:45 IST" name="Test" finished-at="2023-08-26T00:53:18 IST" duration-ms="32862">
      <class name="com.itlearn.testcases.PaymentClass">
        <test-method is-config="true" signature="setUp()[pri:0, instance:com.itlearn.testcases.PaymentClass@795509d9]" started-at="2023-08-26T00:52:45 IST" name="setUp" finished-at="2023-08-26T00:52:55 IST" duration-ms="9767" status="PASS">
          <reporter-output>
          </reporter-output>
        </test-method> <!-- setUp -->
        <test-method signature="paymentProcess(java.lang.String,java.lang.String,java.lang.String)[pri:0, instance:com.itlearn.testcases.PaymentClass@795509d9]" started-at="2023-08-26T00:52:58 IST" name="paymentProcess" data-provider="paymentData" finished-at="2023-08-26T00:53:18 IST" duration-ms="19832" status="PASS">
          <params>
            <param index="0">
              <value>
                <![CDATA[5085 4600 3187 8112]]>
              </value>
            </param>
            <param index="1">
              <value>
                <![CDATA[11/36]]>
              </value>
            </param>
            <param index="2">
              <value>
                <![CDATA[786//11]]>
              </value>
            </param>
          </params>
          <reporter-output>
          </reporter-output>
        </test-method> <!-- paymentProcess -->
        <test-method is-config="true" signature="tearDown()[pri:0, instance:com.itlearn.testcases.PaymentClass@795509d9]" started-at="2023-08-26T00:53:18 IST" name="tearDown" finished-at="2023-08-26T00:53:18 IST" duration-ms="252" status="PASS">
          <reporter-output>
          </reporter-output>
        </test-method> <!-- tearDown -->
      </class> <!-- com.itlearn.testcases.PaymentClass -->
    </test> <!-- Test -->
  </suite> <!-- Suite -->
</testng-results>
