<?xml version="1.0" encoding="UTF-8"?>
<!-- Generated by org.testng.reporters.JUnitXMLReporter -->
<testsuite ignored="0" hostname="LenovoLaptop" failures="1" tests="2" name="Test" time="80.097" errors="0" timestamp="2023-08-26T01:10:37 IST">
  <testcase classname="com.itlearn.testcases.LoginTestDriverData" name="verifyLogin" time="9.504"/>
  <testcase classname="com.itlearn.testcases.LoginTestDriverData" name="verifyLogin" time="2.961">
    <failure type="java.lang.AssertionError" message="expected [true] but found [false]">
      <![CDATA[java.lang.AssertionError: expected [true] but found [false]
at com.itlearn.testcases.LoginTestDriverData.verifyLogin(LoginTestDriverData.java:34)
at java.base/java.util.ArrayList.forEach(ArrayList.java:1511)
... Removed 31 stack frames]]>
    </failure>
  </testcase> <!-- verifyLogin -->
</testsuite> <!-- Test -->
